<?xml version="1.0" encoding="UTF-8"?>
<testng-results ignored="3" total="7" passed="2" failed="2" skipped="0">
  <reporter-output>
    <line>
      <![CDATA[This is the sample screenshot]]>
    </line>
    <line>
      <![CDATA[<a href='D:\New folder\MobileAutomation\Screenshots\Android_Mi A1\2020-06-16-18-40-58\WalkThroughSuite\verifyNextFunctionlity.png'> <img src='D:\New folder\MobileAutomation\Screenshots\Android_Mi A1\2020-06-16-18-40-58\WalkThroughSuite\verifyNextFunctionlity.png' height='400' width='400'/> </a>]]>
    </line>
    <line>
      <![CDATA[This is the sample screenshot]]>
    </line>
    <line>
      <![CDATA[<a href='D:\New folder\MobileAutomation\Screenshots\Android_Mi A1\2020-06-16-18-40-58\HomeSuite\verifyRobotIsPaired.png'> <img src='D:\New folder\MobileAutomation\Screenshots\Android_Mi A1\2020-06-16-18-40-58\HomeSuite\verifyRobotIsPaired.png' height='400' width='400'/> </a>]]>
    </line>
  </reporter-output>
  <suite started-at="2020-06-16T18:40:58 IST" name="Suite" finished-at="2020-06-16T18:44:14 IST" duration-ms="196384">
    <groups>
    </groups>
    <test started-at="2020-06-16T18:40:58 IST" name="Android" finished-at="2020-06-16T18:44:14 IST" duration-ms="196384">
      <class name="com.chowbotics.automation.chowapp.tests.WalkThroughSuite">
        <test-method is-config="true" signature="verifyAppiumRunning()[pri:0, instance:com.chowbotics.automation.chowapp.tests.WalkThroughSuite@708f5957]" started-at="2020-06-16T18:40:57 IST" name="verifyAppiumRunning" finished-at="2020-06-16T18:40:58 IST" duration-ms="537" status="PASS">
          <reporter-output>
          </reporter-output>
        </test-method> <!-- verifyAppiumRunning -->
        <test-method is-config="true" signature="setup(java.lang.String)[pri:0, instance:com.chowbotics.automation.chowapp.tests.WalkThroughSuite@708f5957]" started-at="2020-06-16T18:40:58 IST" name="setup" finished-at="2020-06-16T18:41:21 IST" duration-ms="23225" status="PASS">
          <params>
            <param index="0">
              <value>
                <![CDATA[Android]]>
              </value>
            </param>
          </params>
          <reporter-output>
          </reporter-output>
        </test-method> <!-- setup -->
        <test-method is-config="true" signature="beforeMethod()[pri:0, instance:com.chowbotics.automation.chowapp.tests.WalkThroughSuite@708f5957]" started-at="2020-06-16T18:41:21 IST" name="beforeMethod" finished-at="2020-06-16T18:41:35 IST" duration-ms="14340" status="PASS">
          <reporter-output>
          </reporter-output>
        </test-method> <!-- beforeMethod -->
        <test-method signature="verifyNextFunctionlity()[pri:0, instance:com.chowbotics.automation.chowapp.tests.WalkThroughSuite@708f5957]" started-at="2020-06-16T18:41:35 IST" name="verifyNextFunctionlity" finished-at="2020-06-16T18:42:11 IST" duration-ms="35682" status="FAIL">
          <exception class="org.openqa.selenium.TimeoutException">
            <message>
              <![CDATA[Expected condition failed: waiting for visibility of Located by By.chained({By.xpath: //*[@text='LET'S START']}) (tried for 20 second(s) with 500 milliseconds interval)]]>
            </message>
            <full-stacktrace>
              <![CDATA[org.openqa.selenium.TimeoutException: Expected condition failed: waiting for visibility of Located by By.chained({By.xpath: //*[@text='LET'S START']}) (tried for 20 second(s) with 500 milliseconds interval)
at org.openqa.selenium.support.ui.WebDriverWait.timeoutException(WebDriverWait.java:95)
at org.openqa.selenium.support.ui.FluentWait.until(FluentWait.java:272)
at com.chowbotics.automation.chowapp.base.WaitsAndActions.waitForVisibility(WaitsAndActions.java:31)
at com.chowbotics.automation.chowapp.base.WaitsAndActions.click(WaitsAndActions.java:41)
at com.chowbotics.automation.chowapp.pages.WalkThroughScreen.tapLetsStartCTA(WalkThroughScreen.java:58)
at com.chowbotics.automation.chowapp.tests.WalkThroughSuite.verifyNextFunctionlity(WalkThroughSuite.java:31)
at java.base/jdk.internal.reflect.NativeMethodAccessorImpl.invoke0(Native Method)
at java.base/jdk.internal.reflect.NativeMethodAccessorImpl.invoke(NativeMethodAccessorImpl.java:62)
at java.base/jdk.internal.reflect.DelegatingMethodAccessorImpl.invoke(DelegatingMethodAccessorImpl.java:43)
at java.base/java.lang.reflect.Method.invoke(Method.java:564)
at org.testng.internal.MethodInvocationHelper.invokeMethod(MethodInvocationHelper.java:135)
at org.testng.internal.TestInvoker.invokeMethod(TestInvoker.java:598)
at org.testng.internal.TestInvoker.invokeTestMethod(TestInvoker.java:174)
at org.testng.internal.MethodRunner.runInSequence(MethodRunner.java:46)
at org.testng.internal.TestInvoker$MethodInvocationAgent.invoke(TestInvoker.java:821)
at org.testng.internal.TestInvoker.invokeTestMethods(TestInvoker.java:147)
at org.testng.internal.TestMethodWorker.invokeTestMethods(TestMethodWorker.java:146)
at org.testng.internal.TestMethodWorker.run(TestMethodWorker.java:128)
at java.base/java.util.ArrayList.forEach(ArrayList.java:1510)
at org.testng.TestRunner.privateRun(TestRunner.java:767)
at org.testng.TestRunner.run(TestRunner.java:588)
at org.testng.SuiteRunner.runTest(SuiteRunner.java:384)
at org.testng.SuiteRunner.access$000(SuiteRunner.java:28)
at org.testng.SuiteRunner$SuiteWorker.run(SuiteRunner.java:425)
at org.testng.internal.thread.ThreadUtil.lambda$execute$0(ThreadUtil.java:68)
at java.base/java.util.concurrent.FutureTask.run(FutureTask.java:264)
at java.base/java.util.concurrent.ThreadPoolExecutor.runWorker(ThreadPoolExecutor.java:1130)
at java.base/java.util.concurrent.ThreadPoolExecutor$Worker.run(ThreadPoolExecutor.java:630)
at java.base/java.lang.Thread.run(Thread.java:832)
Caused by: org.openqa.selenium.NoSuchElementException: Can't locate an element by this strategy: By.chained({By.xpath: //*[@text='LET'S START']})
at io.appium.java_client.pagefactory.AppiumElementLocator.findElement(AppiumElementLocator.java:126)
at io.appium.java_client.pagefactory.interceptors.InterceptorOfASingleElement.intercept(InterceptorOfASingleElement.java:59)
at io.appium.java_client.android.AndroidElement$$EnhancerByCGLIB$$b598166c.isDisplayed(<generated>)
at org.openqa.selenium.support.ui.ExpectedConditions.elementIfVisible(ExpectedConditions.java:314)
at org.openqa.selenium.support.ui.ExpectedConditions.access$000(ExpectedConditions.java:43)
at org.openqa.selenium.support.ui.ExpectedConditions$10.apply(ExpectedConditions.java:300)
at org.openqa.selenium.support.ui.ExpectedConditions$10.apply(ExpectedConditions.java:297)
at org.openqa.selenium.support.ui.FluentWait.until(FluentWait.java:249)
... 27 more
Caused by: org.openqa.selenium.TimeoutException: Expected condition failed: waiting for io.appium.java_client.pagefactory.AppiumElementLocator$WaitingFunction@1cde2128 (tried for 1 second(s) with 500 milliseconds interval)
at org.openqa.selenium.support.ui.FluentWait.timeoutException(FluentWait.java:304)
at org.openqa.selenium.support.ui.FluentWait.until(FluentWait.java:272)
at io.appium.java_client.pagefactory.AppiumElementLocator.waitFor(AppiumElementLocator.java:99)
at io.appium.java_client.pagefactory.AppiumElementLocator.findElement(AppiumElementLocator.java:119)
... 34 more
Caused by: org.openqa.selenium.NoSuchElementException: Cannot locate an element using By.chained({By.xpath: //*[@text='LET'S START']})
For documentation on this error, please visit: https://www.seleniumhq.org/exceptions/no_such_element.html
Build info: version: '3.141.59', revision: 'e82be7d358', time: '2018-11-14T08:17:03'
System info: host: 'LAPTOP-NBO2FS7F', ip: '192.168.149.2', os.name: 'Windows 10', os.arch: 'amd64', os.version: '10.0', java.version: '14.0.1'
Driver info: driver.version: AndroidDriver
at io.appium.java_client.pagefactory.bys.builder.ByChained.findElement(ByChained.java:74)
at org.openqa.selenium.remote.RemoteWebDriver.findElement(RemoteWebDriver.java:315)
at io.appium.java_client.DefaultGenericMobileDriver.findElement(DefaultGenericMobileDriver.java:57)
at io.appium.java_client.AppiumDriver.findElement(AppiumDriver.java:1)
at io.appium.java_client.android.AndroidDriver.findElement(AndroidDriver.java:1)
at io.appium.java_client.pagefactory.bys.ContentMappedBy.findElement(ContentMappedBy.java:50)
at org.openqa.selenium.remote.RemoteWebDriver.findElement(RemoteWebDriver.java:315)
at io.appium.java_client.DefaultGenericMobileDriver.findElement(DefaultGenericMobileDriver.java:57)
at io.appium.java_client.AppiumDriver.findElement(AppiumDriver.java:1)
at io.appium.java_client.android.AndroidDriver.findElement(AndroidDriver.java:1)
at io.appium.java_client.pagefactory.AppiumElementLocator.lambda$0(AppiumElementLocator.java:120)
at io.appium.java_client.pagefactory.AppiumElementLocator$WaitingFunction.apply(AppiumElementLocator.java:172)
at io.appium.java_client.pagefactory.AppiumElementLocator$WaitingFunction.apply(AppiumElementLocator.java:1)
at org.openqa.selenium.support.ui.FluentWait.until(FluentWait.java:249)
... 36 more
]]>
            </full-stacktrace>
          </exception> <!-- org.openqa.selenium.TimeoutException -->
          <reporter-output>
            <line>
              <![CDATA[This is the sample screenshot]]>
            </line>
            <line>
              <![CDATA[<a href='D:\New folder\MobileAutomation\Screenshots\Android_Mi A1\2020-06-16-18-40-58\WalkThroughSuite\verifyNextFunctionlity.png'> <img src='D:\New folder\MobileAutomation\Screenshots\Android_Mi A1\2020-06-16-18-40-58\WalkThroughSuite\verifyNextFunctionlity.png' height='400' width='400'/> </a>]]>
            </line>
          </reporter-output>
        </test-method> <!-- verifyNextFunctionlity -->
        <test-method is-config="true" signature="beforeMethod()[pri:0, instance:com.chowbotics.automation.chowapp.tests.WalkThroughSuite@708f5957]" started-at="2020-06-16T18:42:12 IST" name="beforeMethod" finished-at="2020-06-16T18:42:27 IST" duration-ms="15013" status="PASS">
          <reporter-output>
          </reporter-output>
        </test-method> <!-- beforeMethod -->
        <test-method signature="verifySkipFunctionlity()[pri:0, instance:com.chowbotics.automation.chowapp.tests.WalkThroughSuite@708f5957]" started-at="2020-06-16T18:42:27 IST" name="verifySkipFunctionlity" finished-at="2020-06-16T18:42:41 IST" duration-ms="13976" status="PASS">
          <reporter-output>
          </reporter-output>
        </test-method> <!-- verifySkipFunctionlity -->
        <test-method is-config="true" signature="tearDown()[pri:0, instance:com.chowbotics.automation.chowapp.tests.WalkThroughSuite@708f5957]" started-at="2020-06-16T18:44:15 IST" name="tearDown" finished-at="2020-06-16T18:44:15 IST" duration-ms="1" status="PASS">
          <reporter-output>
          </reporter-output>
        </test-method> <!-- tearDown -->
      </class> <!-- com.chowbotics.automation.chowapp.tests.WalkThroughSuite -->
      <class name="com.chowbotics.automation.chowapp.tests.HomeSuite">
        <test-method is-config="true" signature="beforeMethod()[pri:0, instance:com.chowbotics.automation.chowapp.tests.HomeSuite@68999068]" started-at="2020-06-16T18:42:41 IST" name="beforeMethod" finished-at="2020-06-16T18:42:59 IST" duration-ms="17803" status="PASS">
          <reporter-output>
          </reporter-output>
        </test-method> <!-- beforeMethod -->
        <test-method signature="verifyRobotIsPaired()[pri:0, instance:com.chowbotics.automation.chowapp.tests.HomeSuite@68999068]" started-at="2020-06-16T18:42:59 IST" name="verifyRobotIsPaired" finished-at="2020-06-16T18:43:35 IST" duration-ms="36438" status="FAIL">
          <exception class="org.openqa.selenium.NoSuchElementException">
            <message>
              <![CDATA[Can't locate an element by this strategy: By.chained({By.xpath: //*[@text='Salad Bowls']})]]>
            </message>
            <full-stacktrace>
              <![CDATA[org.openqa.selenium.NoSuchElementException: Can't locate an element by this strategy: By.chained({By.xpath: //*[@text='Salad Bowls']})
at io.appium.java_client.pagefactory.AppiumElementLocator.findElement(AppiumElementLocator.java:126)
at io.appium.java_client.pagefactory.interceptors.InterceptorOfASingleElement.intercept(InterceptorOfASingleElement.java:59)
at io.appium.java_client.android.AndroidElement$$EnhancerByCGLIB$$b598166c.isDisplayed(<generated>)
at com.chowbotics.automation.chowapp.pages.HomeScreen.verifyHeaders(HomeScreen.java:63)
at com.chowbotics.automation.chowapp.tests.HomeSuite.verifyRobotIsPaired(HomeSuite.java:23)
at java.base/jdk.internal.reflect.NativeMethodAccessorImpl.invoke0(Native Method)
at java.base/jdk.internal.reflect.NativeMethodAccessorImpl.invoke(NativeMethodAccessorImpl.java:62)
at java.base/jdk.internal.reflect.DelegatingMethodAccessorImpl.invoke(DelegatingMethodAccessorImpl.java:43)
at java.base/java.lang.reflect.Method.invoke(Method.java:564)
at org.testng.internal.MethodInvocationHelper.invokeMethod(MethodInvocationHelper.java:135)
at org.testng.internal.TestInvoker.invokeMethod(TestInvoker.java:598)
at org.testng.internal.TestInvoker.invokeTestMethod(TestInvoker.java:174)
at org.testng.internal.MethodRunner.runInSequence(MethodRunner.java:46)
at org.testng.internal.TestInvoker$MethodInvocationAgent.invoke(TestInvoker.java:821)
at org.testng.internal.TestInvoker.invokeTestMethods(TestInvoker.java:147)
at org.testng.internal.TestMethodWorker.invokeTestMethods(TestMethodWorker.java:146)
at org.testng.internal.TestMethodWorker.run(TestMethodWorker.java:128)
at java.base/java.util.ArrayList.forEach(ArrayList.java:1510)
at org.testng.TestRunner.privateRun(TestRunner.java:767)
at org.testng.TestRunner.run(TestRunner.java:588)
at org.testng.SuiteRunner.runTest(SuiteRunner.java:384)
at org.testng.SuiteRunner.access$000(SuiteRunner.java:28)
at org.testng.SuiteRunner$SuiteWorker.run(SuiteRunner.java:425)
at org.testng.internal.thread.ThreadUtil.lambda$execute$0(ThreadUtil.java:68)
at java.base/java.util.concurrent.FutureTask.run(FutureTask.java:264)
at java.base/java.util.concurrent.ThreadPoolExecutor.runWorker(ThreadPoolExecutor.java:1130)
at java.base/java.util.concurrent.ThreadPoolExecutor$Worker.run(ThreadPoolExecutor.java:630)
at java.base/java.lang.Thread.run(Thread.java:832)
Caused by: org.openqa.selenium.TimeoutException: Expected condition failed: waiting for io.appium.java_client.pagefactory.AppiumElementLocator$WaitingFunction@344d4458 (tried for 1 second(s) with 500 milliseconds interval)
at org.openqa.selenium.support.ui.FluentWait.timeoutException(FluentWait.java:304)
at org.openqa.selenium.support.ui.FluentWait.until(FluentWait.java:272)
at io.appium.java_client.pagefactory.AppiumElementLocator.waitFor(AppiumElementLocator.java:99)
at io.appium.java_client.pagefactory.AppiumElementLocator.findElement(AppiumElementLocator.java:119)
... 27 more
Caused by: org.openqa.selenium.NoSuchElementException: Cannot locate an element using By.chained({By.xpath: //*[@text='Salad Bowls']})
For documentation on this error, please visit: https://www.seleniumhq.org/exceptions/no_such_element.html
Build info: version: '3.141.59', revision: 'e82be7d358', time: '2018-11-14T08:17:03'
System info: host: 'LAPTOP-NBO2FS7F', ip: '192.168.149.2', os.name: 'Windows 10', os.arch: 'amd64', os.version: '10.0', java.version: '14.0.1'
Driver info: driver.version: AndroidDriver
at io.appium.java_client.pagefactory.bys.builder.ByChained.findElement(ByChained.java:74)
at org.openqa.selenium.remote.RemoteWebDriver.findElement(RemoteWebDriver.java:315)
at io.appium.java_client.DefaultGenericMobileDriver.findElement(DefaultGenericMobileDriver.java:57)
at io.appium.java_client.AppiumDriver.findElement(AppiumDriver.java:1)
at io.appium.java_client.android.AndroidDriver.findElement(AndroidDriver.java:1)
at io.appium.java_client.pagefactory.bys.ContentMappedBy.findElement(ContentMappedBy.java:50)
at org.openqa.selenium.remote.RemoteWebDriver.findElement(RemoteWebDriver.java:315)
at io.appium.java_client.DefaultGenericMobileDriver.findElement(DefaultGenericMobileDriver.java:57)
at io.appium.java_client.AppiumDriver.findElement(AppiumDriver.java:1)
at io.appium.java_client.android.AndroidDriver.findElement(AndroidDriver.java:1)
at io.appium.java_client.pagefactory.AppiumElementLocator.lambda$0(AppiumElementLocator.java:120)
at io.appium.java_client.pagefactory.AppiumElementLocator$WaitingFunction.apply(AppiumElementLocator.java:172)
at io.appium.java_client.pagefactory.AppiumElementLocator$WaitingFunction.apply(AppiumElementLocator.java:1)
at org.openqa.selenium.support.ui.FluentWait.until(FluentWait.java:249)
... 29 more
]]>
            </full-stacktrace>
          </exception> <!-- org.openqa.selenium.NoSuchElementException -->
          <reporter-output>
            <line>
              <![CDATA[This is the sample screenshot]]>
            </line>
            <line>
              <![CDATA[<a href='D:\New folder\MobileAutomation\Screenshots\Android_Mi A1\2020-06-16-18-40-58\HomeSuite\verifyRobotIsPaired.png'> <img src='D:\New folder\MobileAutomation\Screenshots\Android_Mi A1\2020-06-16-18-40-58\HomeSuite\verifyRobotIsPaired.png' height='400' width='400'/> </a>]]>
            </line>
          </reporter-output>
        </test-method> <!-- verifyRobotIsPaired -->
        <test-method is-config="true" signature="beforeMethod()[pri:0, instance:com.chowbotics.automation.chowapp.tests.HomeSuite@68999068]" started-at="2020-06-16T18:43:37 IST" name="beforeMethod" finished-at="2020-06-16T18:43:56 IST" duration-ms="19709" status="PASS">
          <reporter-output>
          </reporter-output>
        </test-method> <!-- beforeMethod -->
        <test-method signature="verifyRobotPairCancel()[pri:0, instance:com.chowbotics.automation.chowapp.tests.HomeSuite@68999068]" started-at="2020-06-16T18:43:56 IST" name="verifyRobotPairCancel" finished-at="2020-06-16T18:44:14 IST" duration-ms="17660" status="PASS">
          <reporter-output>
          </reporter-output>
        </test-method> <!-- verifyRobotPairCancel -->
      </class> <!-- com.chowbotics.automation.chowapp.tests.HomeSuite -->
    </test> <!-- Android -->
  </suite> <!-- Suite -->
</testng-results>
